JvmtiExport can_access_local_variables 0
JvmtiExport can_hotswap_or_post_breakpoint 0
JvmtiExport can_post_on_exceptions 0
# 152 ciObject found
ciMethod java/lang/Object <init> ()V 4097 1 112252 0 -1
ciMethod java/lang/String <init> ([CII)V 4097 1 5632 0 -1
ciMethod java/lang/String charAt (I)C 4097 1 245881 0 -1
ciMethod java/lang/RuntimeException <init> (Ljava/lang/String;)V 25 1 6 0 -1
ciMethod java/lang/AbstractStringBuilder <init> (I)V 2049 1 13536 0 -1
ciMethod java/lang/AbstractStringBuilder ensureCapacityInternal (I)V 4097 1 37050 0 -1
ciMethod java/lang/AbstractStringBuilder expandCapacity (I)V 3073 1 5504 0 -1
ciMethod java/lang/AbstractStringBuilder append (Ljava/lang/String;)Ljava/lang/AbstractStringBuilder; 4097 1 10752 0 -1
ciMethod java/lang/AbstractStringBuilder append (C)Ljava/lang/AbstractStringBuilder; 2049 1 26382 0 -1
ciMethod java/lang/StringBuilder <init> ()V 2049 1 10504 0 -1
ciMethod java/lang/StringBuilder append (Ljava/lang/String;)Ljava/lang/StringBuilder; 4097 1 20095 0 -1
ciMethod java/lang/StringBuilder append (C)Ljava/lang/StringBuilder; 2049 1 12882 0 -1
ciMethod java/lang/StringBuilder toString ()Ljava/lang/String; 2049 1 10005 0 -1
ciMethodData java/lang/String charAt (I)C 2 245881 orig 264 8 177 203 95 0 0 0 0 104 61 41 17 0 0 0 0 120 1 0 0 32 0 0 0 0 0 0 0 0 0 0 0 0 0 0 0 0 0 0 0 0 0 0 0 0 0 0 0 0 0 0 0 0 0 0 0 0 0 0 0 0 0 0 0 0 0 0 0 0 0 0 0 0 0 0 0 0 0 0 0 77 68 79 32 101 120 116 114 97 32 100 97 116 97 32 108 111 99 107 0 0 0 0 0 0 0 0 0 0 0 0 0 0 0 0 0 0 0 0 0 0 0 0 0 0 0 0 0 0 0 0 0 0 0 0 0 0 0 0 0 0 0 0 0 0 0 0 0 0 0 0 0 0 0 0 0 0 0 0 0 0 0 0 0 0 0 0 0 0 0 0 0 0 0 0 0 0 0 0 0 0 0 0 0 25 0 0 0 0 0 0 0 0 0 0 0 0 0 0 0 1 0 0 0 0 0 0 0 0 0 0 0 0 0 0 0 0 2 0 0 201 243 29 0 1 0 0 0 0 0 0 0 0 0 0 0 2 0 0 0 0 0 0 0 0 0 0 0 80 0 0 0 255 255 255 255 7 0 1 0 0 0 0 0 data 10 0x10007 0x0 0x40 0x3be79 0xa0007 0x3be79 0x30 0x0 0x120002 0x0 oops 0
ciMethodData java/lang/Object <init> ()V 2 112252 orig 264 8 177 203 95 0 0 0 0 128 4 41 17 0 0 0 0 32 1 0 0 0 0 0 0 0 0 0 0 0 0 0 0 0 0 0 0 0 0 0 0 0 0 0 0 0 0 0 0 0 0 0 0 0 0 0 0 0 0 0 0 0 0 0 0 0 0 0 0 0 0 0 0 0 0 0 0 0 0 0 0 77 68 79 32 101 120 116 114 97 32 100 97 116 97 32 108 111 99 107 0 0 0 0 0 0 0 0 0 0 0 0 0 0 0 0 0 0 0 0 0 0 0 0 0 0 0 0 0 0 0 0 0 0 0 0 0 0 0 0 0 0 0 0 0 0 0 0 0 0 0 0 0 0 0 0 0 0 0 0 0 0 0 0 0 0 0 0 0 0 0 0 0 0 0 0 0 0 0 0 0 0 0 0 0 1 0 0 0 0 0 0 0 1 0 0 0 0 0 0 0 1 0 0 0 0 0 0 0 0 0 0 0 0 0 0 0 0 2 0 0 225 163 13 0 1 0 0 0 0 0 0 0 0 0 0 0 2 0 0 0 0 0 3 0 1 0 0 0 0 0 0 0 255 255 255 255 0 0 0 0 0 0 0 0 data 0 oops 0
ciMethodData java/lang/String <init> ([CII)V 2 5632 orig 264 8 177 203 95 0 0 0 0 88 49 41 17 0 0 0 0 80 2 0 0 208 0 0 0 0 0 0 0 0 0 0 0 0 0 0 0 0 0 0 0 0 0 0 0 0 0 0 0 0 0 0 0 0 0 0 0 0 0 0 0 0 0 0 0 0 0 0 0 0 0 0 0 0 0 0 0 0 0 0 0 77 68 79 32 101 120 116 114 97 32 100 97 116 97 32 108 111 99 107 0 0 0 0 0 0 0 0 0 0 0 0 0 0 0 0 0 0 0 0 0 0 0 0 0 0 0 0 0 0 0 0 0 0 0 0 0 0 0 0 0 0 0 0 0 0 0 0 0 0 0 0 0 0 0 0 0 0 0 0 0 0 0 0 0 0 0 0 0 0 0 0 0 0 0 0 0 0 0 0 0 0 0 0 0 0 0 0 0 0 0 0 0 0 0 0 0 0 0 0 0 0 0 0 0 0 0 0 0 0 0 0 0 0 0 0 0 0 2 0 0 1 160 0 0 1 0 0 0 0 0 0 0 0 0 0 0 2 0 0 0 0 0 14 0 2 0 0 0 240 0 0 0 255 255 255 255 2 0 1 0 0 0 0 0 data 30 0x10002 0x1400 0x50007 0x1400 0x30 0x0 0xd0002 0x0 0x120007 0x13e4 0x70 0x1c 0x160007 0x1c 0x30 0x0 0x1e0002 0x0 0x250007 0x0 0x20 0x1c 0x370007 0x13e4 0x30 0x0 0x410002 0x0 0x4b0002 0x13e4 oops 0
ciMethodData java/lang/AbstractStringBuilder ensureCapacityInternal (I)V 2 37050 orig 264 8 177 203 95 0 0 0 0 104 58 48 17 0 0 0 0 160 1 0 0 0 0 0 0 0 0 0 0 0 0 0 0 0 0 0 0 0 0 0 0 0 0 0 0 0 0 0 0 0 0 0 0 0 0 0 0 0 0 0 0 0 0 0 0 0 0 0 0 0 0 0 0 0 0 0 0 0 0 0 0 77 68 79 32 101 120 116 114 97 32 100 97 116 97 32 108 111 99 107 0 0 0 0 0 0 0 0 0 0 0 0 0 0 0 0 0 0 0 0 0 0 0 0 0 0 0 0 0 0 0 0 0 0 0 0 0 0 0 0 0 0 0 0 0 0 0 0 0 0 0 0 0 0 0 0 0 0 0 0 0 0 0 0 0 0 0 0 0 0 0 0 0 0 0 0 0 0 0 0 0 0 0 0 0 0 0 0 0 0 0 0 0 0 0 0 0 0 0 0 0 0 0 0 0 0 0 0 0 0 0 0 0 0 0 0 0 0 2 0 0 209 117 4 0 1 0 0 0 0 0 0 0 0 0 0 0 2 0 0 0 0 0 0 0 0 0 0 0 80 0 0 0 255 255 255 255 7 0 7 0 0 0 0 0 data 10 0x70007 0x7807 0x50 0x16b3 0xc0005 0x0 0x11b8a570 0x16af 0x11b8a030 0x4 oops 2 6 java/lang/StringBuilder 8 java/lang/StringBuffer
ciMethodData java/lang/AbstractStringBuilder expandCapacity (I)V 2 5504 orig 264 8 177 203 95 0 0 0 0 48 59 48 17 0 0 0 0 208 1 0 0 96 0 0 0 0 0 0 0 0 0 0 0 0 0 0 0 0 0 0 0 0 0 0 0 0 0 0 0 0 0 0 0 0 0 0 0 0 0 0 0 0 0 0 0 0 0 0 0 0 0 0 0 0 0 0 0 0 0 0 0 77 68 79 32 101 120 116 114 97 32 100 97 116 97 32 108 111 99 107 0 0 0 0 0 0 0 0 0 0 0 0 0 0 0 0 0 0 0 0 0 0 0 0 0 0 0 0 0 0 0 0 0 0 0 0 0 0 0 0 0 0 0 0 0 0 0 0 0 0 0 0 0 0 0 0 0 0 0 0 0 0 0 0 0 0 0 0 0 0 0 0 0 0 0 0 0 0 0 0 0 0 0 0 0 25 0 0 0 0 0 0 0 0 0 0 0 0 0 0 0 1 0 0 0 0 0 0 0 0 0 0 0 0 0 0 0 128 1 0 0 1 160 0 0 1 0 0 0 0 0 0 0 0 0 0 0 2 0 0 0 0 0 16 0 2 0 0 0 128 0 0 0 255 255 255 255 7 0 13 0 0 0 0 0 data 16 0xd0007 0x98d 0x20 0xa73 0x130007 0x1400 0x50 0x0 0x170007 0x0 0x30 0x0 0x1e0002 0x0 0x2b0002 0x1400 oops 0
ciMethodData java/lang/AbstractStringBuilder <init> (I)V 2 13536 orig 264 8 177 203 95 0 0 0 0 248 55 48 17 0 0 0 0 56 1 0 0 0 0 0 0 0 0 0 0 0 0 0 0 0 0 0 0 0 0 0 0 0 0 0 0 0 0 0 0 0 0 0 0 0 0 0 0 0 0 0 0 0 0 0 0 0 0 0 0 0 0 0 0 0 0 0 0 0 0 0 0 77 68 79 32 101 120 116 114 97 32 100 97 116 97 32 108 111 99 107 0 0 0 0 0 0 0 0 0 0 0 0 0 0 0 0 0 0 0 0 0 0 0 0 0 0 0 0 0 0 0 0 0 0 0 0 0 0 0 0 0 0 0 0 0 0 0 0 0 0 0 0 0 0 0 0 0 0 0 0 0 0 0 0 0 0 0 0 0 0 0 0 0 0 0 0 0 0 0 0 0 0 0 0 0 0 0 0 0 0 0 0 0 0 0 0 0 0 0 0 0 0 0 0 0 0 0 0 0 0 0 0 0 0 0 0 0 0 1 0 0 1 159 1 0 1 0 0 0 0 0 0 0 0 0 0 0 2 0 0 0 0 0 3 0 2 0 0 0 16 0 0 0 255 255 255 255 2 0 1 0 0 0 0 0 data 2 0x10002 0x33e0 oops 0
ciMethodData java/lang/StringBuilder <init> ()V 2 10504 orig 264 8 177 203 95 0 0 0 0 16 116 48 17 0 0 0 0 48 1 0 0 0 0 0 0 0 0 0 0 0 0 0 0 0 0 0 0 0 0 0 0 0 0 0 0 0 0 0 0 0 0 0 0 0 0 0 0 0 0 0 0 0 0 0 0 0 0 0 0 0 0 0 0 0 0 0 0 0 0 0 0 77 68 79 32 101 120 116 114 97 32 100 97 116 97 32 108 111 99 107 0 0 0 0 0 0 0 0 0 0 0 0 0 0 0 0 0 0 0 0 0 0 0 0 0 0 0 0 0 0 0 0 0 0 0 0 0 0 0 0 0 0 0 0 0 0 0 0 0 0 0 0 0 0 0 0 0 0 0 0 0 0 0 0 0 0 0 0 0 0 0 0 0 0 0 0 0 0 0 0 0 0 0 0 0 0 0 0 0 0 0 0 0 0 0 0 0 0 0 0 0 0 0 0 0 0 0 0 0 0 0 0 0 0 0 0 0 0 1 0 0 65 64 1 0 1 0 0 0 0 0 0 0 0 0 0 0 2 0 0 0 0 0 3 0 2 0 0 0 16 0 0 0 255 255 255 255 2 0 3 0 0 0 0 0 data 2 0x30002 0x2808 oops 0
ciMethodData java/lang/StringBuilder toString ()Ljava/lang/String; 2 10005 orig 264 8 177 203 95 0 0 0 0 216 138 48 17 0 0 0 0 48 1 0 0 0 0 0 0 0 0 0 0 0 0 0 0 0 0 0 0 0 0 0 0 0 0 0 0 0 0 0 0 0 0 0 0 0 0 0 0 0 0 0 0 0 0 0 0 0 0 0 0 0 0 0 0 0 0 0 0 0 0 0 0 77 68 79 32 101 120 116 114 97 32 100 97 116 97 32 108 111 99 107 0 0 0 0 0 0 0 0 0 0 0 0 0 0 0 0 0 0 0 0 0 0 0 0 0 0 0 0 0 0 0 0 0 0 0 0 0 0 0 0 0 0 0 0 0 0 0 0 0 0 0 0 0 0 0 0 0 0 0 0 0 0 0 0 0 0 0 0 0 0 0 0 0 0 0 0 0 0 0 0 0 0 0 0 0 0 0 0 0 0 0 0 0 0 0 0 0 0 0 0 0 0 0 0 0 0 0 0 0 0 0 0 0 0 0 0 0 0 1 0 0 169 48 1 0 1 0 0 0 0 0 0 0 0 0 0 0 2 0 0 0 0 0 3 0 2 0 0 0 16 0 0 0 255 255 255 255 2 0 13 0 0 0 0 0 data 2 0xd0002 0x2615 oops 0
ciMethodData java/lang/AbstractStringBuilder append (C)Ljava/lang/AbstractStringBuilder; 2 26382 orig 264 8 177 203 95 0 0 0 0 248 74 48 17 0 0 0 0 56 1 0 0 0 0 0 0 0 0 0 0 0 0 0 0 0 0 0 0 0 0 0 0 0 0 0 0 0 0 0 0 0 0 0 0 0 0 0 0 0 0 0 0 0 0 0 0 0 0 0 0 0 0 0 0 0 0 0 0 0 0 0 0 77 68 79 32 101 120 116 114 97 32 100 97 116 97 32 108 111 99 107 0 0 0 0 0 0 0 0 0 0 0 0 0 0 0 0 0 0 0 0 0 0 0 0 0 0 0 0 0 0 0 0 0 0 0 0 0 0 0 0 0 0 0 0 0 0 0 0 0 0 0 0 0 0 0 0 0 0 0 0 0 0 0 0 0 0 0 0 0 0 0 0 0 0 0 0 0 0 0 0 0 0 0 0 0 0 0 0 0 0 0 0 0 0 0 0 0 0 0 0 0 0 0 0 0 0 0 0 0 0 0 0 0 0 0 0 0 0 1 0 0 113 48 3 0 1 0 0 0 0 0 0 0 0 0 0 0 2 0 0 0 0 0 7 0 2 0 0 0 16 0 0 0 255 255 255 255 2 0 7 0 0 0 0 0 data 2 0x70002 0x660e oops 0
ciMethodData java/lang/AbstractStringBuilder append (Ljava/lang/String;)Ljava/lang/AbstractStringBuilder; 2 10752 orig 264 8 177 203 95 0 0 0 0 24 67 48 17 0 0 0 0 240 1 0 0 0 0 0 0 0 0 0 0 0 0 0 0 0 0 0 0 0 0 0 0 0 0 0 0 0 0 0 0 0 0 0 0 0 0 0 0 0 0 0 0 0 0 0 0 0 0 0 0 0 0 0 0 0 0 0 0 0 0 0 0 77 68 79 32 101 120 116 114 97 32 100 97 116 97 32 108 111 99 107 0 0 0 0 0 0 0 0 0 0 0 0 0 0 0 0 0 0 0 0 0 0 0 0 0 0 0 0 0 0 0 0 0 0 0 0 0 0 0 0 0 0 0 0 0 1 0 0 0 0 0 0 0 0 0 0 0 0 0 0 0 0 0 0 0 0 0 0 0 0 0 0 0 0 0 0 0 0 0 0 2 0 0 0 0 0 0 0 0 0 0 0 0 0 0 0 0 0 0 0 0 0 0 0 0 0 0 0 0 0 0 0 0 0 0 0 0 0 2 0 0 1 64 1 0 1 0 0 0 0 20 0 0 0 0 0 0 2 0 0 0 0 0 9 0 2 0 0 0 160 0 0 0 255 255 255 255 7 224 1 0 0 0 0 0 data 20 0x1e007 0x2800 0x30 0x2 0x50002 0x2 0xa0005 0x8c 0x1ddae30 0x2774 0x0 0x0 0x150002 0x2800 0x230005 0x8c 0x1ddae30 0x2774 0x0 0x0 oops 2 8 java/lang/String 16 java/lang/String
ciMethodData java/lang/StringBuilder append (Ljava/lang/String;)Ljava/lang/StringBuilder; 2 20095 orig 264 8 177 203 95 0 0 0 0 40 119 48 17 0 0 0 0 56 1 0 0 0 0 0 0 0 0 0 0 0 0 0 0 0 0 0 0 0 0 0 0 0 0 0 0 0 0 0 0 0 0 0 0 0 0 0 0 0 0 0 0 0 0 0 0 0 0 0 0 0 0 0 0 0 0 0 0 0 0 0 0 77 68 79 32 101 120 116 114 97 32 100 97 116 97 32 108 111 99 107 0 0 0 0 0 0 0 0 0 0 0 0 0 0 0 0 0 0 0 0 0 0 0 0 0 0 0 0 0 0 0 0 0 0 0 0 0 0 0 0 0 0 0 0 0 1 0 0 0 0 0 0 0 0 0 0 0 0 0 0 0 0 0 0 0 0 0 0 0 0 0 0 0 0 0 0 0 0 0 0 0 0 0 0 0 0 0 0 0 0 0 0 0 0 0 0 0 0 0 0 0 0 0 0 0 0 0 0 0 0 0 0 0 0 0 0 0 0 2 0 0 249 99 2 0 1 0 0 0 118 36 0 0 0 0 0 0 2 0 0 0 0 0 3 0 2 0 0 0 16 0 0 0 255 255 255 255 2 0 2 0 0 0 0 0 data 2 0x20002 0x4c7f oops 0
ciMethodData java/lang/StringBuilder append (C)Ljava/lang/StringBuilder; 2 12882 orig 264 8 177 203 95 0 0 0 0 80 123 48 17 0 0 0 0 56 1 0 0 0 0 0 0 0 0 0 0 0 0 0 0 0 0 0 0 0 0 0 0 0 0 0 0 0 0 0 0 0 0 0 0 0 0 0 0 0 0 0 0 0 0 0 0 0 0 0 0 0 0 0 0 0 0 0 0 0 0 0 0 77 68 79 32 101 120 116 114 97 32 100 97 116 97 32 108 111 99 107 0 0 0 0 0 0 0 0 0 0 0 0 0 0 0 0 0 0 0 0 0 0 0 0 0 0 0 0 0 0 0 0 0 0 0 0 0 0 0 0 0 0 0 0 0 0 0 0 0 0 0 0 0 0 0 0 0 0 0 0 0 0 0 0 0 0 0 0 0 0 0 0 0 0 0 0 0 0 0 0 0 0 0 0 0 0 0 0 0 0 0 0 0 0 0 0 0 0 0 0 0 0 0 0 0 0 0 0 0 0 0 0 0 0 0 0 0 0 1 0 0 145 138 1 0 1 0 0 0 0 0 0 0 0 0 0 0 2 0 0 0 0 0 8 0 2 0 0 0 16 0 0 0 255 255 255 255 2 0 2 0 0 0 0 0 data 2 0x20002 0x3152 oops 0
ciMethodData java/lang/RuntimeException <init> (Ljava/lang/String;)V 1 6 orig 264 8 177 203 95 0 0 0 0 24 217 42 17 0 0 0 0 56 1 0 0 0 0 0 0 0 0 0 0 0 0 0 0 0 0 0 0 0 0 0 0 0 0 0 0 0 0 0 0 0 0 0 0 0 0 0 0 0 0 0 0 0 0 0 0 0 0 0 0 0 0 0 0 0 0 0 0 0 0 0 0 77 68 79 32 101 120 116 114 97 32 100 97 116 97 32 108 111 99 107 0 0 0 0 0 0 0 0 0 0 0 0 0 0 0 0 0 0 0 0 0 0 0 0 0 0 0 0 0 0 0 0 0 0 0 0 0 0 0 0 0 0 0 0 0 0 0 0 0 0 0 0 0 0 0 0 0 0 0 0 0 0 0 0 0 0 0 0 0 0 0 0 0 0 0 0 0 0 0 0 0 0 0 0 0 0 0 0 0 0 0 0 0 0 0 0 0 0 0 0 0 0 0 0 0 0 0 0 0 0 0 0 0 0 0 0 0 3 0 0 0 25 0 0 0 1 0 0 0 0 0 0 0 0 0 0 0 2 0 0 0 0 0 0 0 0 0 0 0 16 0 0 0 255 255 255 255 2 0 2 0 0 0 0 0 data 2 0x20002 0x3 oops 0
ciMethod jdk/internal/org/objectweb/asm/ClassWriter addType (Ljava/lang/String;)I 1265 1 158 0 -1
ciMethod jdk/internal/org/objectweb/asm/ClassWriter addUninitializedType (Ljava/lang/String;I)I 0 0 1 0 -1
ciMethod jdk/internal/org/objectweb/asm/Frame get (I)I 993 1 124 0 -1
ciMethod jdk/internal/org/objectweb/asm/Frame set (II)V 385 1 48 0 -1
ciMethod jdk/internal/org/objectweb/asm/Frame push (I)V 1641 1 205 0 -1
ciMethod jdk/internal/org/objectweb/asm/Frame push (Ljdk/internal/org/objectweb/asm/ClassWriter;Ljava/lang/String;)V 409 1 51 0 -1
ciMethod jdk/internal/org/objectweb/asm/Frame type (Ljdk/internal/org/objectweb/asm/ClassWriter;Ljava/lang/String;)I 1089 1 136 0 -1
ciMethod jdk/internal/org/objectweb/asm/Frame pop ()I 553 1 69 0 -1
ciMethod jdk/internal/org/objectweb/asm/Frame pop (I)V 681 1 85 0 -1
ciMethod jdk/internal/org/objectweb/asm/Frame pop (Ljava/lang/String;)V 401 1 50 0 -1
ciMethod jdk/internal/org/objectweb/asm/Frame init (I)V 0 0 1 0 -1
ciMethod jdk/internal/org/objectweb/asm/Frame execute (IILjdk/internal/org/objectweb/asm/ClassWriter;Ljdk/internal/org/objectweb/asm/Item;)V 2049 1 256 0 -1
ciMethodData jdk/internal/org/objectweb/asm/Frame execute (IILjdk/internal/org/objectweb/asm/ClassWriter;Ljdk/internal/org/objectweb/asm/Item;)V 1 256 orig 264 8 177 203 95 0 0 0 0 120 138 204 19 0 0 0 0 48 35 0 0 24 33 0 0 0 0 0 0 0 0 0 0 0 0 0 0 0 0 0 0 0 0 0 0 0 0 0 0 0 0 0 0 0 0 0 0 0 0 0 0 0 0 0 0 0 0 0 0 0 0 0 0 0 0 0 0 0 0 0 0 77 68 79 32 101 120 116 114 97 32 100 97 116 97 32 108 111 99 107 0 0 0 0 0 0 0 0 0 0 0 0 0 0 0 0 0 0 0 0 0 0 0 0 0 0 0 0 0 0 0 0 0 0 0 0 0 0 0 0 0 0 0 0 0 0 0 0 0 0 0 0 0 0 0 0 0 0 0 0 0 0 0 0 0 0 0 0 0 0 0 0 0 0 0 0 0 0 0 0 0 0 0 0 0 0 0 0 0 0 0 0 0 0 0 0 0 0 0 0 0 0 0 0 0 0 0 0 0 0 0 0 0 0 0 0 0 0 1 0 0 1 0 0 0 1 0 0 0 0 0 0 0 0 0 0 0 2 0 0 0 0 0 0 0 0 0 0 0 168 33 0 0 255 255 255 255 8 0 1 0 0 0 0 0 data 1077 0x10008 0x192 0x0 0x2188 0x0 0xca0 0x0 0xcb8 0x0 0xce0 0x0 0xce0 0x0 0xce0 0x0 0xce0 0x0 0xce0 0x0 0xce0 0x0 0xce0 0x0 0xd08 0x0 0xd08 0x0 0xd40 0x0 0xd40 0x0 0xd40 0x0 0xd68 0x0 0xd68 0x0 0xce0 0x0 0xce0 0x0 0xda0 0x0 0x2188 0x0 0x2188 0x0 0xce0 0x0 0xd08 0x0 0xd40 0x0 0xd68 0x0 0x10c0 0x0 0x2188 0x0 0x2188 0x0 0x2188 0x0 0x2188 0x0 0x2188 0x0 0x2188 0x0 0x2188 0x0 0x2188 0x0 0x2188 0x0 0x2188 0x0 0x2188 0x0 0x2188 0x0 0x2188 0x0 0x2188 0x0 0x2188 0x0 0x2188 0x0 0x2188 0x0 0x2188 0x0 0x2188 0x0 0x2188 0x0 0x10f8 0x0 0x1130 0x0 0x1178 0x0 0x11b0 0x0 0x11f8 0x0 0x10f8 0x0 0x10f8 0x0 0x10f8 0x0 0x1240 0x0 0x1340 0x0 0x1240 0x0 0x1340 0x0 0x1240 0x0 0x2188 0x0 0x2188 0x0 0x2188 0x0 0x2188 0x0 0x2188 0x0 0x2188 0x0 0x2188 0x0 0x2188 0x0 0x2188 0x0 0x2188 0x0 0x2188 0x0 0x2188 0x0 0x2188 0x0 0x2188 0x0 0x2188 0x0 0x2188 0x0 0x2188 0x0 0x2188 0x0 0x2188 0x0 0x2188 0x0 0x1460 0x0 0x1488 0x0 0x1460 0x0 0x1488 0x0 0x1460 0x0 0x1460 0x0 0x1460 0x0 0x1460 0x0 0x14b0 0x0 0x14d8 0x0 0x1500 0x0 0x1548 0x0 0x15b0 0x0 0x1638 0x0 0x16b0 0x0 0x1748 0x0 0x1800 0x0 0x1858 0x0 0x1890 0x0 0x18d8 0x0 0x1910 0x0 0x1858 0x0 0x1890 0x0 0x18d8 0x0 0x1910 0x0 0x1858 0x0 0x1890 0x0 0x18d8 0x0 0x1910 0x0 0x1858 0x0 0x1890 0x0 0x18d8 0x0 0x1910 0x0 0x1858 0x0 0x1890 0x0 0x18d8 0x0 0x1910 0x0 0xca0 0x0 0xca0 0x0 0xca0 0x0 0xca0 0x0 0x1858 0x0 0x1958 0x0 0x1858 0x0 0x1958 0x0 0x1858 0x0 0x1958 0x0 0x1858 0x0 0x1890 0x0 0x1858 0x0 0x1890 0x0 0x1858 0x0 0x1890 0x0 0x19a0 0x0 0x19c8 0x0 0x1a10 0x0 0x1a48 0x0 0x1858 0x0 0x18d8 0x0 0x11b0 0x0 0x1a90 0x0 0x19c8 0x0 0x1a48 0x0 0x1858 0x0 0x1130 0x0 0x18d8 0x0 0xca0 0x0 0xca0 0x0 0xca0 0x0 0x1ac8 0x0 0x1858 0x0 0x1858 0x0 0x1ac8 0x0 0x1ac8 0x0 0x14b0 0x0 0x14b0 0x0 0x14b0 0x0 0x14b0 0x0 0x14b0 0x0 0x14b0 0x0 0x14d8 0x0 0x14d8 0x0 0x14d8 0x0 0x14d8 0x0 0x14d8 0x0 0x14d8 0x0 0x14d8 0x0 0x14d8 0x0 0xca0 0x0 0x1b00 0x0 0x1b00 0x0 0x14b0 0x0 0x14b0 0x0 0x14b0 0x0 0x14d8 0x0 0x14b0 0x0 0x14d8 0x0 0x14b0 0x0 0xca0 0x0 0x1b10 0x0 0x1b38 0x0 0x1b60 0x0 0x1b98 0x0 0x1bd0 0x0 0x1bd0 0x0 0x1bd0 0x0 0x1bd0 0x0 0x1cb8 0x0 0x1cf0 0x0 0x1d48 0x0 0x1f28 0x0 0x1a90 0x0 0x14b0 0x0 0x20a8 0x0 0x1a90 0x0 0x14b0 0x0 0x14b0 0x0 0x2188 0x0 0x2188 0x0 0x14b0 0x0 0x14b0 0x3300003 0x0 0x1508 0x3360002 0x0 0x3390003 0x0 0x14e0 0x33f0002 0x0 0x3420003 0x0 0x14b8 0x3480002 0x0 0x34e0002 0x0 0x3510003 0x0 0x1480 0x3570002 0x0 0x35a0003 0x0 0x1458 0x3600002 0x0 0x3660002 0x0 0x3690003 0x0 0x1420 0x3710008 0x1e 0x0 0x2c8 0x0 0x100 0x0 0x160 0x0 0x128 0x0 0x188 0x0 0x1c0 0x0 0x218 0x0 0x2c8 0x0 0x2c8 0x0 0x2c8 0x0 0x2c8 0x0 0x2c8 0x0 0x2c8 0x0 0x2c8 0x0 0x270 0x3bb0002 0x0 0x3be0003 0x0 0x12f8 0x3c40002 0x0 0x3ca0002 0x0 0x3cd0003 0x0 0x12c0 0x3d30002 0x0 0x3d60003 0x0 0x1298 0x3dc0002 0x0 0x3e20002 0x0 0x3e50003 0x0 0x1260 0x3ee0005 0x0 0x0 0x0 0x0 0x0 0x3f20002 0x0 0x3f50003 0x0 0x1208 0x3fe0005 0x0 0x0 0x0 0x0 0x0 0x4020002 0x0 0x4050003 0x0 0x11b0 0x40e0005 0x0 0x0 0x0 0x0 0x0 0x4120002 0x0 0x4150003 0x0 0x1158 0x41e0005 0x0 0x0 0x0 0x0 0x0 0x4220002 0x0 0x4250003 0x0 0x1100 0x42b0002 0x0 0x42e0002 0x0 0x4310003 0x0 0x10c8 0x4360002 0x0 0x43c0002 0x0 0x43f0003 0x0 0x1090 0x4440002 0x0 0x44a0002 0x0 0x4500002 0x0 0x4530003 0x0 0x1048 0x4580002 0x0 0x45e0002 0x0 0x4610003 0x0 0x1010 0x4660002 0x0 0x46c0002 0x0 0x4720002 0x0 0x4750003 0x0 0xfc8 0x47a0002 0x0 0x47e0002 0x0 0x4890002 0x0 0x48c0003 0x0 0xf80 0x4900002 0x0 0x4990002 0x0 0x49d0007 0x0 0xf48 0x0 0x4a40002 0x0 0x4ad0007 0x0 0x40 0x0 0x4b40007 0x0 0x48 0x0 0x4bd0002 0x0 0x4c00003 0x0 0xec8 0x4ca0007 0x0 0xeb0 0x0 0x4d60002 0x0 0x4d90003 0x0 0xe80 0x4de0002 0x0 0x4e20002 0x0 0x4eb0002 0x0 0x4f40002 0x0 0x4f80007 0x0 0xe28 0x0 0x4ff0002 0x0 0x5080007 0x0 0x40 0x0 0x50f0007 0x0 0x48 0x0 0x5180002 0x0 0x51b0003 0x0 0xda8 0x5250007 0x0 0xd90 0x0 0x5310002 0x0 0x5340003 0x0 0xd60 0x5390002 0x0 0x53c0003 0x0 0xd38 0x5410002 0x0 0x5440003 0x0 0xd10 0x5490002 0x0 0x54c0003 0x0 0xce8 0x5510002 0x0 0x5540003 0x0 0xcc0 0x5580002 0x0 0x5600002 0x0 0x5660002 0x0 0x5690003 0x0 0xc78 0x56d0002 0x0 0x5730002 0x0 0x57b0002 0x0 0x5810002 0x0 0x5870002 0x0 0x58a0003 0x0 0xc10 0x58e0002 0x0 0x5940002 0x0 0x59a0002 0x0 0x5a20002 0x0 0x5a80002 0x0 0x5ae0002 0x0 0x5b40002 0x0 0x5b70003 0x0 0xb88 0x5bb0002 0x0 0x5c10002 0x0 0x5c90002 0x0 0x5cf0002 0x0 0x5d50002 0x0 0x5db0002 0x0 0x5de0003 0x0 0xb10 0x5e20002 0x0 0x5e80002 0x0 0x5ee0002 0x0 0x5f60002 0x0 0x5fc0002 0x0 0x6020002 0x0 0x6080002 0x0 0x60e0002 0x0 0x6110003 0x0 0xa78 0x6150002 0x0 0x61b0002 0x0 0x6210002 0x0 0x6270002 0x0 0x62f0002 0x0 0x6350002 0x0 0x63b0002 0x0 0x6410002 0x0 0x6470002 0x0 0x64d0002 0x0 0x6500003 0x0 0x9c0 0x6540002 0x0 0x65a0002 0x0 0x6620002 0x0 0x6680002 0x0 0x66b0003 0x0 0x968 0x6700002 0x0 0x6760002 0x0 0x6790003 0x0 0x930 0x67e0002 0x0 0x6840002 0x0 0x68a0002 0x0 0x68d0003 0x0 0x8e8 0x6920002 0x0 0x6980002 0x0 0x69b0003 0x0 0x8b0 0x6a00002 0x0 0x6a60002 0x0 0x6ac0002 0x0 0x6af0003 0x0 0x868 0x6b40002 0x0 0x6ba0002 0x0 0x6c00002 0x0 0x6c30003 0x0 0x820 0x6ca0002 0x0 0x6cd0003 0x0 0x7f8 0x6d20002 0x0 0x6d80002 0x0 0x6de0002 0x0 0x6e10003 0x0 0x7b0 0x6e60002 0x0 0x6ec0002 0x0 0x6ef0003 0x0 0x778 0x6f40002 0x0 0x6fa0002 0x0 0x7000002 0x0 0x7030003 0x0 0x730 0x7080002 0x0 0x70e0002 0x0 0x7110003 0x0 0x6f8 0x7160002 0x0 0x71c0002 0x0 0x71f0003 0x0 0x6c0 0x7280002 0x0 0x7330002 0x0 0x7360003 0x0 0x688 0x73f0002 0x0 0x7420003 0x0 0x660 0x7470002 0x0 0x7510002 0x0 0x7540003 0x0 0x628 0x75d0002 0x0 0x7610002 0x0 0x7650003 0x0 0x5f0 0x76e0002 0x0 0x7750007 0x0 0xb0 0x0 0x7790002 0x0 0x7820007 0x0 0x80 0x0 0x78b0005 0x0 0x0 0x0 0x0 0x0 0x7900007 0x0 0x30 0x0 0x7960002 0x0 0x7a00002 0x0 0x7a30003 0x0 0x508 0x7ac0002 0x0 0x7b60002 0x0 0x7b90003 0x0 0x4d0 0x7c60005 0x0 0x0 0x0 0x0 0x0 0x7ca0002 0x0 0x7cd0003 0x0 0x478 0x7d10002 0x0 0x7d60008 0x10 0x0 0x1a8 0x0 0x90 0x0 0xb8 0x0 0x158 0x0 0x180 0x0 0xe0 0x0 0x108 0x0 0x130 0x8030002 0x0 0x8060003 0x0 0x3b0 0x80c0002 0x0 0x80f0003 0x0 0x388 0x8150002 0x0 0x8180003 0x0 0x360 0x81e0002 0x0 0x8210003 0x0 0x338 0x8270002 0x0 0x82a0003 0x0 0x310 0x8300002 0x0 0x8330003 0x0 0x2e8 0x8390002 0x0 0x83c0003 0x0 0x2c0 0x8420002 0x0 0x8450003 0x0 0x298 0x8500002 0x0 0x8570005 0x0 0x0 0x0 0x0 0x0 0x85c0007 0x0 0xe8 0x0 0x8650002 0x0 0x86a0005 0x0 0x0 0x0 0x0 0x0 0x86f0005 0x0 0x0 0x0 0x0 0x0 0x8720005 0x0 0x0 0x0 0x0 0x0 0x8750002 0x0 0x8780003 0x0 0x170 0x8810005 0x0 0x0 0x0 0x0 0x0 0x8850002 0x0 0x8880003 0x0 0x118 0x8930002 0x0 0x89a0005 0x0 0x0 0x0 0x0 0x0 0x89f0007 0x0 0x48 0x0 0x8a60002 0x0 0x8a90003 0x0 0x90 0x8b20005 0x0 0x0 0x0 0x0 0x0 0x8b60002 0x0 0x8b90003 0x0 0x38 0x8be0002 0x0 0x8c80002 0x0 oops 0
ciMethodData jdk/internal/org/objectweb/asm/Frame push (I)V 1 205 orig 264 8 177 203 95 0 0 0 0 96 119 204 19 0 0 0 0 208 1 0 0 80 0 0 0 0 0 0 0 0 0 0 0 0 0 0 0 0 0 0 0 0 0 0 0 0 0 0 0 0 0 0 0 0 0 0 0 0 0 0 0 0 0 0 0 0 0 0 0 0 0 0 0 0 0 0 0 0 0 0 0 77 68 79 32 101 120 116 114 97 32 100 97 116 97 32 108 111 99 107 0 0 0 0 0 0 0 0 0 0 0 0 0 0 0 0 0 0 0 0 0 0 0 0 0 0 0 0 0 0 0 0 0 0 0 0 0 0 0 0 0 0 0 0 0 0 0 0 0 0 0 0 0 0 0 0 0 0 0 0 0 0 0 0 0 0 0 0 0 0 0 0 0 0 0 0 0 0 0 0 0 0 0 0 0 0 0 0 0 0 0 0 0 0 0 0 0 0 0 0 0 0 0 0 0 0 0 0 0 0 0 0 0 0 0 0 0 205 0 0 0 1 0 0 0 1 0 0 0 0 0 0 0 0 0 0 0 2 0 0 0 0 0 0 0 0 0 0 0 128 0 0 0 255 255 255 255 7 0 4 0 0 0 0 0 data 16 0x40007 0x0 0x20 0x0 0x1a0007 0x0 0x40 0x0 0x260002 0x0 0x340002 0x0 0x620007 0x0 0x20 0x0 oops 0
ciMethodData jdk/internal/org/objectweb/asm/ClassWriter addType (Ljava/lang/String;)I 1 158 orig 264 8 177 203 95 0 0 0 0 112 45 203 19 0 0 0 0 192 1 0 0 0 0 0 0 0 0 0 0 0 0 0 0 0 0 0 0 0 0 0 0 0 0 0 0 0 0 0 0 0 0 0 0 0 0 0 0 0 0 0 0 0 0 0 0 0 0 0 0 0 0 0 0 0 0 0 0 0 0 0 0 77 68 79 32 101 120 116 114 97 32 100 97 116 97 32 108 111 99 107 0 0 0 0 0 0 0 0 0 0 0 0 0 0 0 0 0 0 0 0 0 0 0 0 0 0 0 0 0 0 0 0 0 0 0 0 0 0 0 0 0 0 0 0 0 0 0 0 0 0 0 0 0 0 0 0 0 0 0 0 0 0 0 0 0 0 0 0 0 0 0 0 0 0 0 0 0 0 0 0 0 0 0 0 0 0 0 0 0 0 0 0 0 0 0 0 0 0 0 0 0 0 0 0 0 0 0 0 0 0 0 0 0 0 0 0 0 158 0 0 0 1 0 0 0 1 0 0 0 0 0 0 0 0 0 0 0 2 0 0 0 0 0 0 0 0 0 0 0 112 0 0 0 255 255 255 255 5 0 9 0 0 0 0 0 data 14 0x90005 0x0 0x0 0x0 0x0 0x0 0x110002 0x0 0x160007 0x0 0x30 0x0 0x1e0002 0x0 oops 0
ciMethodData jdk/internal/org/objectweb/asm/Frame get (I)I 1 124 orig 264 8 177 203 95 0 0 0 0 128 117 204 19 0 0 0 0 136 1 0 0 32 0 0 0 0 0 0 0 0 0 0 0 0 0 0 0 0 0 0 0 0 0 0 0 0 0 0 0 0 0 0 0 0 0 0 0 0 0 0 0 0 0 0 0 0 0 0 0 0 0 0 0 0 0 0 0 0 0 0 0 77 68 79 32 101 120 116 114 97 32 100 97 116 97 32 108 111 99 107 0 0 0 0 0 0 0 0 0 0 0 0 0 0 0 0 0 0 0 0 0 0 0 0 0 0 0 0 0 0 0 0 0 0 0 0 0 0 0 0 0 0 0 0 0 0 0 0 0 0 0 0 0 0 0 0 0 0 0 0 0 0 0 0 0 0 0 0 0 0 0 0 0 0 0 0 0 0 0 0 0 0 0 0 0 0 0 0 0 0 0 0 0 0 0 0 0 0 0 0 0 0 0 0 0 0 0 0 0 0 0 0 0 0 0 0 0 124 0 0 0 1 0 0 0 1 0 0 0 0 0 0 0 0 0 0 0 2 0 0 0 0 0 0 0 0 0 0 0 96 0 0 0 255 255 255 255 7 0 4 0 0 0 0 0 data 12 0x40007 0x0 0x40 0x0 0xd0007 0x0 0x20 0x0 0x1d0007 0x0 0x20 0x0 oops 0
ciMethodData jdk/internal/org/objectweb/asm/Frame pop (I)V 1 85 orig 264 8 177 203 95 0 0 0 0 240 123 204 19 0 0 0 0 96 1 0 0 0 0 0 0 0 0 0 0 0 0 0 0 0 0 0 0 0 0 0 0 0 0 0 0 0 0 0 0 0 0 0 0 0 0 0 0 0 0 0 0 0 0 0 0 0 0 0 0 0 0 0 0 0 0 0 0 0 0 0 0 77 68 79 32 101 120 116 114 97 32 100 97 116 97 32 108 111 99 107 0 0 0 0 0 0 0 0 0 0 0 0 0 0 0 0 0 0 0 0 0 0 0 0 0 0 0 0 0 0 0 0 0 0 0 0 0 0 0 0 0 0 0 0 0 0 0 0 0 0 0 0 0 0 0 0 0 0 0 0 0 0 0 0 0 0 0 0 0 0 0 0 0 0 0 0 0 0 0 0 0 0 0 0 0 0 0 0 0 0 0 0 0 0 0 0 0 0 0 0 0 0 0 0 0 0 0 0 0 0 0 0 0 0 0 0 0 85 0 0 0 1 0 0 0 1 0 0 0 0 0 0 0 0 0 0 0 2 0 0 0 0 0 0 0 0 0 0 0 56 0 0 0 255 255 255 255 7 0 5 0 0 0 0 0 data 7 0x50007 0x0 0x38 0x0 0x120003 0x0 0x18 oops 0
ciMethodData jdk/internal/org/objectweb/asm/Frame pop ()I 1 69 orig 264 8 177 203 95 0 0 0 0 48 123 204 19 0 0 0 0 64 1 0 0 0 0 0 0 0 0 0 0 0 0 0 0 0 0 0 0 0 0 0 0 0 0 0 0 0 0 0 0 0 0 0 0 0 0 0 0 0 0 0 0 0 0 0 0 0 0 0 0 0 0 0 0 0 0 0 0 0 0 0 0 77 68 79 32 101 120 116 114 97 32 100 97 116 97 32 108 111 99 107 0 0 0 0 0 0 0 0 0 0 0 0 0 0 0 0 0 0 0 0 0 0 0 0 0 0 0 0 0 0 0 0 0 0 0 0 0 0 0 0 0 0 0 0 0 0 0 0 0 0 0 0 0 0 0 0 0 0 0 0 0 0 0 0 0 0 0 0 0 0 0 0 0 0 0 0 0 0 0 0 0 0 0 0 0 0 0 0 0 0 0 0 0 0 0 0 0 0 0 0 0 0 0 0 0 0 0 0 0 0 0 0 0 0 0 0 0 69 0 0 0 1 0 0 0 1 0 0 0 0 0 0 0 0 0 0 0 2 0 0 0 0 0 0 0 0 0 0 0 32 0 0 0 255 255 255 255 7 0 4 0 0 0 0 0 data 4 0x40007 0x0 0x20 0x0 oops 0
ciMethodData jdk/internal/org/objectweb/asm/Frame set (II)V 1 48 orig 264 8 177 203 95 0 0 0 0 88 118 204 19 0 0 0 0 184 1 0 0 0 0 0 0 0 0 0 0 0 0 0 0 0 0 0 0 0 0 0 0 0 0 0 0 0 0 0 0 0 0 0 0 0 0 0 0 0 0 0 0 0 0 0 0 0 0 0 0 0 0 0 0 0 0 0 0 0 0 0 0 77 68 79 32 101 120 116 114 97 32 100 97 116 97 32 108 111 99 107 0 0 0 0 0 0 0 0 0 0 0 0 0 0 0 0 0 0 0 0 0 0 0 0 0 0 0 0 0 0 0 0 0 0 0 0 0 0 0 0 0 0 0 0 0 0 0 0 0 0 0 0 0 0 0 0 0 0 0 0 0 0 0 0 0 0 0 0 0 0 0 0 0 0 0 0 0 0 0 0 0 0 0 0 0 0 0 0 0 0 0 0 0 0 0 0 0 0 0 0 0 0 0 0 0 0 0 0 0 0 0 0 0 0 0 0 0 48 0 0 0 1 0 0 0 1 0 0 0 0 0 0 0 0 0 0 0 2 0 0 0 0 0 0 0 0 0 0 0 96 0 0 0 255 255 255 255 7 0 4 0 0 0 0 0 data 12 0x40007 0x0 0x20 0x0 0x170007 0x0 0x40 0x0 0x200002 0x0 0x300002 0x0 oops 0
ciMethodData jdk/internal/org/objectweb/asm/Frame push (Ljdk/internal/org/objectweb/asm/ClassWriter;Ljava/lang/String;)V 1 51 orig 264 8 177 203 95 0 0 0 0 24 120 204 19 0 0 0 0 232 1 0 0 96 0 0 0 0 0 0 0 0 0 0 0 0 0 0 0 0 0 0 0 0 0 0 0 0 0 0 0 0 0 0 0 0 0 0 0 0 0 0 0 0 0 0 0 0 0 0 0 0 0 0 0 0 0 0 0 0 0 0 0 77 68 79 32 101 120 116 114 97 32 100 97 116 97 32 108 111 99 107 0 0 0 0 0 0 0 0 0 0 0 0 0 0 0 0 0 0 0 0 0 0 0 0 0 0 0 0 0 0 0 0 0 0 0 0 0 0 0 0 0 0 0 0 0 0 0 0 0 0 0 0 0 0 0 0 0 0 0 0 0 0 0 0 0 0 0 0 0 0 0 0 0 0 0 0 0 0 0 0 0 0 0 0 0 0 0 0 0 0 0 0 0 0 0 0 0 0 0 0 0 0 0 0 0 0 0 0 0 0 0 0 0 0 0 0 0 51 0 0 0 1 0 0 0 1 0 0 0 0 0 0 0 0 0 0 0 2 0 0 0 0 0 0 0 0 0 0 0 144 0 0 0 255 255 255 255 2 0 2 0 0 0 0 0 data 18 0x20002 0x0 0x70007 0x0 0x80 0x0 0xc0002 0x0 0x120007 0x0 0x40 0x0 0x180007 0x0 0x30 0x0 0x1e0002 0x0 oops 0
ciMethodData jdk/internal/org/objectweb/asm/Frame type (Ljdk/internal/org/objectweb/asm/ClassWriter;Ljava/lang/String;)I 1 136 orig 264 8 177 203 95 0 0 0 0 112 122 204 19 0 0 0 0 240 7 0 0 248 5 0 0 0 0 0 0 0 0 0 0 0 0 0 0 0 0 0 0 0 0 0 0 0 0 0 0 0 0 0 0 0 0 0 0 0 0 0 0 0 0 0 0 0 0 0 0 0 0 0 0 0 0 0 0 0 0 0 0 77 68 79 32 101 120 116 114 97 32 100 97 116 97 32 108 111 99 107 0 0 0 0 0 0 0 0 0 0 0 0 0 0 0 0 0 0 0 0 0 0 0 0 0 0 0 0 0 0 0 0 0 0 0 0 0 0 0 0 0 0 0 0 0 0 0 0 0 0 0 0 0 0 0 0 0 0 0 0 0 0 0 0 0 0 0 0 0 0 0 0 0 0 0 0 0 0 0 0 0 0 0 0 0 0 0 0 0 0 0 0 0 0 0 0 0 0 0 0 0 0 0 0 0 0 0 0 0 0 0 0 0 0 0 0 0 136 0 0 0 1 0 0 0 1 0 0 0 0 0 0 0 0 0 0 0 2 0 0 0 0 0 0 0 0 0 0 0 160 6 0 0 255 255 255 255 5 0 2 0 0 0 0 0 data 212 0x20005 0x0 0x0 0x0 0x0 0x0 0x70007 0x0 0x68 0x0 0xd0005 0x0 0x0 0x0 0x0 0x0 0x120003 0x0 0x18 0x190005 0x0 0x0 0x0 0x0 0x0 0x1c0008 0x34 0x0 0x240 0x0 0x1b0 0x0 0x1b0 0x0 0x1b0 0x0 0x240 0x0 0x1b0 0x0 0x240 0x0 0x240 0x0 0x1b0 0x0 0x1b0 0x0 0x240 0x0 0x1b0 0x0 0x240 0x0 0x240 0x0 0x240 0x0 0x240 0x0 0x240 0x0 0x240 0x0 0x1b0 0x0 0x240 0x0 0x240 0x0 0x1b0 0x0 0x240 0x0 0x240 0x0 0x240 0x0 0x1b0 0xa30005 0x0 0x0 0x0 0x0 0x0 0xa80005 0x0 0x0 0x0 0x0 0x0 0xb00005 0x0 0x0 0x0 0x0 0x0 0xbd0005 0x0 0x0 0x0 0x0 0x0 0xc20007 0x0 0x38 0x0 0xc80003 0x0 0xffffffffffffffb0 0xce0005 0x0 0x0 0x0 0x0 0x0 0xd10008 0x34 0x0 0x270 0x0 0x1e0 0x0 0x1c8 0x0 0x258 0x0 0x270 0x0 0x228 0x0 0x270 0x0 0x270 0x0 0x210 0x0 0x240 0x0 0x270 0x0 0x270 0x0 0x270 0x0 0x270 0x0 0x270 0x0 0x270 0x0 0x270 0x0 0x270 0x0 0x1f8 0x0 0x270 0x0 0x270 0x0 0x270 0x0 0x270 0x0 0x270 0x0 0x270 0x0 0x1b0 0x1480003 0x0 0x150 0x14f0003 0x0 0x138 0x1560003 0x0 0x120 0x15d0003 0x0 0x108 0x1640003 0x0 0xf0 0x16b0003 0x0 0xd8 0x1720003 0x0 0xc0 0x1790003 0x0 0xa8 0x1820005 0x0 0x0 0x0 0x0 0x0 0x1870005 0x0 0x0 0x0 0x0 0x0 0x18f0005 0x0 0x0 0x0 0x0 0x0 oops 0
ciMethodData jdk/internal/org/objectweb/asm/Frame pop (Ljava/lang/String;)V 1 50 orig 264 8 177 203 95 0 0 0 0 184 124 204 19 0 0 0 0 80 2 0 0 216 0 0 0 0 0 0 0 0 0 0 0 0 0 0 0 0 0 0 0 0 0 0 0 0 0 0 0 0 0 0 0 0 0 0 0 0 0 0 0 0 0 0 0 0 0 0 0 0 0 0 0 0 0 0 0 0 0 0 0 77 68 79 32 101 120 116 114 97 32 100 97 116 97 32 108 111 99 107 0 0 0 0 0 0 0 0 0 0 0 0 0 0 0 0 0 0 0 0 0 0 0 0 0 0 0 0 0 0 0 0 0 0 0 0 0 0 0 0 0 0 0 0 0 0 0 0 0 0 0 0 0 0 0 0 0 0 0 0 0 0 0 0 0 0 0 0 0 0 0 0 0 0 0 0 0 0 0 0 0 0 0 0 0 0 0 0 0 0 0 0 0 0 0 0 0 0 0 0 0 0 0 0 0 0 0 0 0 0 0 0 0 0 0 0 0 50 0 0 0 1 0 0 0 1 0 0 0 0 0 0 0 0 0 0 0 2 0 0 0 0 0 0 0 0 0 0 0 0 1 0 0 255 255 255 255 5 0 2 0 0 0 0 0 data 32 0x20005 0x0 0x0 0x0 0x0 0x0 0x90007 0x0 0x58 0x0 0xe0002 0x0 0x150002 0x0 0x180003 0x0 0x90 0x1e0007 0x0 0x40 0x0 0x240007 0x0 0x48 0x0 0x290002 0x0 0x2c0003 0x0 0x28 0x310002 0x0 oops 0
ciMethodData jdk/internal/org/objectweb/asm/Frame init (I)V 1 0 orig 264 8 177 203 95 0 0 0 0 160 125 204 19 0 0 0 0 176 1 0 0 0 0 0 0 0 0 0 0 0 0 0 0 0 0 0 0 0 0 0 0 0 0 0 0 0 0 0 0 0 0 0 0 0 0 0 0 0 0 0 0 0 0 0 0 0 0 0 0 0 0 0 0 0 0 0 0 0 0 0 0 77 68 79 32 101 120 116 114 97 32 100 97 116 97 32 108 111 99 107 0 0 0 0 0 0 0 0 0 0 0 0 0 0 0 0 0 0 0 0 0 0 0 0 0 0 0 0 0 0 0 0 0 0 0 0 0 0 0 0 0 0 0 0 0 0 0 0 0 0 0 0 0 0 0 0 0 0 0 0 0 0 0 0 0 0 0 0 0 0 0 0 0 0 0 0 0 0 0 0 0 0 0 0 0 0 0 0 0 0 0 0 0 0 0 0 0 0 0 0 0 0 0 0 0 0 0 0 0 0 0 0 0 0 0 0 0 0 0 0 0 1 0 0 0 1 0 0 0 0 0 0 0 0 0 0 0 2 0 0 0 0 0 0 0 0 0 0 0 96 0 0 0 255 255 255 255 7 0 4 0 0 0 0 0 data 12 0x40007 0x0 0x20 0x0 0x190007 0x0 0x40 0x0 0x250002 0x0 0x330002 0x0 oops 0
ciMethodData jdk/internal/org/objectweb/asm/ClassWriter addUninitializedType (Ljava/lang/String;I)I 1 0 orig 264 8 177 203 95 0 0 0 0 80 46 203 19 0 0 0 0 200 1 0 0 0 0 0 0 0 0 0 0 0 0 0 0 0 0 0 0 0 0 0 0 0 0 0 0 0 0 0 0 0 0 0 0 0 0 0 0 0 0 0 0 0 0 0 0 0 0 0 0 0 0 0 0 0 0 0 0 0 0 0 0 77 68 79 32 101 120 116 114 97 32 100 97 116 97 32 108 111 99 107 0 0 0 0 0 0 0 0 0 0 0 0 0 0 0 0 0 0 0 0 0 0 0 0 0 0 0 0 0 0 0 0 0 0 0 0 0 0 0 0 0 0 0 0 0 0 0 0 0 0 0 0 0 0 0 0 0 0 0 0 0 0 0 0 0 0 0 0 0 0 0 0 0 0 0 0 0 0 0 0 0 0 0 0 0 0 0 0 0 0 0 0 0 0 0 0 0 0 0 0 0 0 0 0 0 0 0 0 0 0 0 0 0 0 0 0 0 0 0 0 0 1 0 0 0 1 0 0 0 0 0 0 0 0 0 0 0 2 0 0 0 0 0 0 0 0 0 0 0 112 0 0 0 255 255 255 255 5 0 34 0 0 0 0 0 data 14 0x220005 0x0 0x0 0x0 0x0 0x0 0x310002 0x0 0x360007 0x0 0x30 0x0 0x3e0002 0x0 oops 0
instanceKlass java/lang/invoke/LambdaForm$DMH
instanceKlass java/lang/invoke/LambdaForm$DMH
instanceKlass java/lang/invoke/LambdaForm$MH
instanceKlass java/lang/invoke/LambdaForm$DMH
instanceKlass java/lang/invoke/LambdaForm$DMH
instanceKlass java/lang/invoke/LambdaForm$MH
instanceKlass java/lang/invoke/LambdaForm$DMH
instanceKlass java/lang/invoke/LambdaForm$MH
instanceKlass java/lang/invoke/LambdaForm$DMH
instanceKlass java/lang/invoke/LambdaForm$MH
instanceKlass java/lang/invoke/LambdaForm$DMH
instanceKlass java/lang/invoke/LambdaForm$DMH
instanceKlass java/lang/invoke/MethodHandleImpl$Lazy
instanceKlass java/lang/invoke/LambdaForm$BMH
instanceKlass java/lang/invoke/LambdaForm$MH
instanceKlass java/lang/invoke/LambdaForm$DMH
instanceKlass java/lang/invoke/LambdaForm$DMH
instanceKlass java/lang/invoke/LambdaForm$DMH
instanceKlass java/util/SubList$1
instanceKlass java/lang/invoke/LambdaForm$MH
instanceKlass java/lang/invoke/LambdaForm$MH
instanceKlass java/lang/invoke/LambdaForm$MH
instanceKlass java/lang/invoke/LambdaForm$MH
instanceKlass java/lang/invoke/LambdaForm$MH
instanceKlass java/lang/invoke/LambdaForm$MH
instanceKlass java/lang/invoke/LambdaForm$MH
instanceKlass java/lang/invoke/LambdaForm$MH
instanceKlass java/lang/invoke/LambdaForm$MH
instanceKlass java/lang/invoke/LambdaForm$MH
instanceKlass java/lang/invoke/LambdaForm$MH
instanceKlass java/lang/invoke/LambdaForm$MH
instanceKlass java/lang/invoke/InvokerBytecodeGenerator$CpPatch
instanceKlass java/lang/invoke/LambdaForm$DMH
instanceKlass java/lang/invoke/LambdaForm$DMH
instanceKlass java/lang/invoke/LambdaForm$DMH
instanceKlass java/lang/invoke/LambdaForm$DMH
instanceKlass java/lang/invoke/LambdaForm$DMH
instanceKlass sun/invoke/empty/Empty
instanceKlass sun/invoke/util/VerifyType
instanceKlass java/lang/invoke/InvokerBytecodeGenerator$2
instanceKlass jdk/internal/org/objectweb/asm/AnnotationVisitor
instanceKlass jdk/internal/org/objectweb/asm/Frame
instanceKlass jdk/internal/org/objectweb/asm/Label
instanceKlass jdk/internal/org/objectweb/asm/Type
instanceKlass jdk/internal/org/objectweb/asm/MethodVisitor
instanceKlass jdk/internal/org/objectweb/asm/Item
instanceKlass jdk/internal/org/objectweb/asm/ByteVector
instanceKlass jdk/internal/org/objectweb/asm/ClassVisitor
instanceKlass java/lang/invoke/InvokerBytecodeGenerator
instanceKlass java/lang/invoke/DirectMethodHandle$Lazy
instanceKlass sun/invoke/util/ValueConversions
instanceKlass sun/invoke/util/BytecodeDescriptor
instanceKlass java/lang/invoke/BoundMethodHandle$Factory
instanceKlass java/lang/invoke/BoundMethodHandle$SpeciesData
instanceKlass java/lang/invoke/LambdaForm$NamedFunction
instanceKlass java/lang/invoke/LambdaForm$Name
instanceKlass sun/invoke/util/VerifyAccess
instanceKlass java/lang/invoke/Invokers
instanceKlass java/lang/invoke/MethodTypeForm
instanceKlass java/lang/invoke/MethodType$ConcurrentWeakInternSet
instanceKlass java/lang/Character$CharacterCache
instanceKlass sun/invoke/util/Wrapper$Format
instanceKlass java/lang/invoke/MethodHandles
instanceKlass java/lang/invoke/MethodHandles$Lookup
instanceKlass javassist/bytecode/ClassFile
instanceKlass javassist/util/proxy/RuntimeSupport$DefaultMethodHandler
instanceKlass javassist/util/proxy/RuntimeSupport
instanceKlass javassist/util/proxy/SecurityActions
instanceKlass javassist/util/proxy/ProxyFactory$3
instanceKlass javassist/util/proxy/ProxyFactory$2
instanceKlass javassist/util/proxy/ProxyFactory$1
instanceKlass javassist/util/proxy/ProxyFactory$UniqueName
instanceKlass javassist/util/proxy/ProxyFactory$ClassLoaderProvider
instanceKlass javassist/util/proxy/ProxyFactory
instanceKlass org/hibernate/proxy/pojo/javassist/JavassistLazyInitializer$1
instanceKlass org/hibernate/proxy/AbstractLazyInitializer
instanceKlass org/hibernate/proxy/LazyInitializer
instanceKlass javassist/util/proxy/MethodHandler
instanceKlass org/hibernate/proxy/pojo/javassist/JavassistProxyFactory
instanceKlass org/hibernate/bytecode/internal/javassist/ProxyFactoryFactoryImpl$1
instanceKlass org/hibernate/bytecode/spi/BasicProxyFactory
instanceKlass org/hibernate/proxy/ProxyFactory
instanceKlass javassist/util/proxy/MethodFilter
instanceKlass org/hibernate/bytecode/internal/javassist/ProxyFactoryFactoryImpl
instanceKlass org/hibernate/proxy/HibernateProxy
instanceKlass org/hibernate/tuple/PojoInstantiator
instanceKlass org/hibernate/property/DirectPropertyAccessor$DirectSetter
instanceKlass org/hibernate/tuple/Instantiator
instanceKlass org/hibernate/tuple/entity/AbstractEntityTuplizer$MappedIdentifierValueMarshaller
instanceKlass org/hibernate/tuple/BaselineAttributeInformation
instanceKlass org/hibernate/engine/spi/CascadeStyles$BaseCascadeStyle
instanceKlass org/hibernate/engine/spi/CascadeStyles
instanceKlass org/hibernate/tuple/BaselineAttributeInformation$Builder
instanceKlass org/hibernate/persister/walking/spi/AnyMappingDefinition
instanceKlass org/hibernate/persister/spi/HydratedCompoundValueHandler
instanceKlass org/hibernate/persister/walking/spi/AssociationAttributeDefinition
instanceKlass org/hibernate/tuple/PropertyFactory$1
instanceKlass org/hibernate/bytecode/internal/javassist/FieldHandled
instanceKlass org/hibernate/bytecode/internal/javassist/BytecodeProviderImpl$EntityInstrumentationMetadataImpl
instanceKlass org/hibernate/tuple/AbstractAttribute
instanceKlass org/hibernate/tuple/IdentifierAttribute
instanceKlass org/hibernate/tuple/Property
instanceKlass org/hibernate/engine/spi/IdentifierValue
instanceKlass org/hibernate/engine/spi/UnsavedValueStrategy
instanceKlass org/hibernate/engine/internal/UnsavedValueFactory
instanceKlass org/hibernate/property/DirectPropertyAccessor$DirectGetter
instanceKlass org/hibernate/property/EmbeddedPropertyAccessor
instanceKlass org/hibernate/property/NoopAccessor
instanceKlass org/hibernate/property/MapAccessor
instanceKlass org/hibernate/property/PropertyAccessorFactory
instanceKlass org/hibernate/tuple/NonIdentifierAttribute
instanceKlass org/hibernate/tuple/Attribute
instanceKlass org/hibernate/tuple/PropertyFactory
instanceKlass org/hibernate/tuple/entity/EntityMetamodel$NoInDatabaseValueGenerationStrategy
instanceKlass org/hibernate/tuple/entity/EntityMetamodel$NoInMemoryValueGenerationStrategy
instanceKlass org/hibernate/tuple/InDatabaseValueGenerationStrategy
instanceKlass org/hibernate/tuple/InMemoryValueGenerationStrategy
instanceKlass org/hibernate/tuple/entity/EntityMetamodel$GenerationStrategyPair
instanceKlass org/hibernate/internal/util/MarkerObject
instanceKlass org/hibernate/internal/FilterAliasGenerator
instanceKlass org/hibernate/loader/entity/UniqueEntityLoader
instanceKlass org/hibernate/persister/walking/spi/AttributeDefinition
instanceKlass org/hibernate/sql/Insert
instanceKlass org/hibernate/persister/entity/DiscriminatorMetadata
instanceKlass org/hibernate/persister/entity/AbstractEntityPersister$InclusionChecker
instanceKlass org/hibernate/persister/entity/AbstractEntityPersister$CacheEntryHelper
instanceKlass org/hibernate/id/insert/Binder
instanceKlass org/hibernate/engine/jdbc/batch/spi/BatchKey
instanceKlass org/hibernate/persister/entity/AbstractEntityPersister
instanceKlass org/hibernate/persister/entity/Lockable
instanceKlass org/hibernate/id/PostInsertIdentityPersister
instanceKlass org/hibernate/bytecode/instrumentation/spi/LazyPropertyInitializer
instanceKlass org/hibernate/persister/entity/SQLLoadable
instanceKlass org/hibernate/persister/entity/UniqueKeyLoadable
instanceKlass org/hibernate/metadata/ClassMetadata
instanceKlass org/hibernate/persister/entity/Queryable
instanceKlass org/hibernate/persister/entity/PropertyMapping
instanceKlass org/hibernate/persister/entity/OuterJoinLoadable
instanceKlass org/hibernate/persister/entity/Joinable
instanceKlass org/hibernate/persister/entity/Loadable
instanceKlass org/hibernate/persister/internal/StandardPersisterClassResolver
instanceKlass org/hibernate/persister/collection/CollectionPersister
instanceKlass org/hibernate/persister/walking/spi/CollectionDefinition
instanceKlass org/hibernate/persister/entity/EntityPersister
instanceKlass org/hibernate/persister/walking/spi/EntityDefinition
instanceKlass org/hibernate/persister/walking/spi/AttributeSource
instanceKlass org/hibernate/cache/spi/OptimisticCacheSource
instanceKlass org/hibernate/metamodel/binding/AbstractAttributeBinding
instanceKlass org/hibernate/metamodel/binding/PluralAttributeBinding
instanceKlass org/hibernate/metamodel/binding/AssociationAttributeBinding
instanceKlass org/hibernate/metamodel/binding/AttributeBinding
instanceKlass org/hibernate/cache/spi/access/CollectionRegionAccessStrategy
instanceKlass org/hibernate/cache/spi/access/NaturalIdRegionAccessStrategy
instanceKlass org/hibernate/cache/spi/access/EntityRegionAccessStrategy
instanceKlass org/hibernate/cache/spi/access/RegionAccessStrategy
instanceKlass org/hibernate/persister/internal/PersisterFactoryImpl
instanceKlass org/hibernate/id/insert/InsertGeneratedIdentifierDelegate
instanceKlass org/hibernate/internal/util/collections/SingletonIterator
instanceKlass org/hibernate/internal/SessionFactoryImpl$1IntegratorObserver
instanceKlass org/hibernate/engine/query/spi/NativeSQLQueryPlan
instanceKlass org/hibernate/engine/query/spi/sql/NativeSQLQuerySpecification
instanceKlass org/hibernate/engine/query/spi/ParameterMetadata
instanceKlass org/hibernate/loader/custom/CustomQuery
instanceKlass org/hibernate/engine/query/internal/NativeQueryInterpreterStandardImpl
instanceKlass org/hibernate/internal/util/collections/BoundedConcurrentHashMap$HashEntry
instanceKlass org/hibernate/internal/util/collections/BoundedConcurrentHashMap$LIRS
instanceKlass org/hibernate/internal/util/collections/BoundedConcurrentHashMap$NullEvictionListener
instanceKlass org/hibernate/internal/util/collections/BoundedConcurrentHashMap$EvictionPolicy
instanceKlass org/hibernate/internal/util/collections/BoundedConcurrentHashMap$EvictionListener
instanceKlass org/hibernate/engine/query/spi/QueryPlanCache
instanceKlass org/hibernate/internal/TypeLocatorImpl
instanceKlass java/util/concurrent/ConcurrentHashMap$MapEntry
instanceKlass java/util/concurrent/ConcurrentHashMap$Traverser
instanceKlass org/hibernate/dialect/function/SQLFunctionRegistry
instanceKlass org/hibernate/cache/spi/QueryCache
instanceKlass org/hibernate/cache/spi/UpdateTimestampsCache
instanceKlass org/hibernate/internal/CacheImpl
instanceKlass org/hibernate/engine/query/spi/NativeQueryInterpreter
instanceKlass org/hibernate/engine/query/spi/NativeQueryInterpreterInitiator
instanceKlass org/hibernate/engine/spi/CacheImplementor
instanceKlass org/hibernate/engine/spi/CacheInitiator
instanceKlass org/hibernate/stat/spi/StatisticsImplementor
instanceKlass org/hibernate/stat/internal/StatisticsInitiator$1
instanceKlass org/hibernate/stat/spi/StatisticsFactory
instanceKlass org/hibernate/stat/internal/StatisticsInitiator
instanceKlass org/hibernate/event/service/spi/EventListenerRegistry
instanceKlass org/hibernate/event/service/internal/EventListenerServiceInitiator
instanceKlass org/hibernate/service/spi/SessionFactoryServiceInitiator
instanceKlass org/hibernate/service/internal/StandardSessionFactoryServiceInitiators
instanceKlass org/hibernate/metamodel/source/MetadataImplementor
instanceKlass org/hibernate/metamodel/source/BindingContext
instanceKlass org/hibernate/metamodel/Metadata
instanceKlass org/hibernate/service/internal/SessionFactoryServiceRegistryFactoryImpl
instanceKlass org/hibernate/proxy/EntityNotFoundDelegate
instanceKlass org/hibernate/internal/SessionFactoryImpl$1
instanceKlass org/hibernate/internal/SessionFactoryObserverChain
instanceKlass org/hibernate/type/descriptor/java/UUIDTypeDescriptor$ToStringTransformer
instanceKlass org/hibernate/id/uuid/StandardRandomStrategy
instanceKlass org/hibernate/type/descriptor/java/UUIDTypeDescriptor$ValueTransformer
instanceKlass org/hibernate/id/UUIDGenerationStrategy
instanceKlass org/hibernate/context/spi/CurrentSessionContext
instanceKlass org/hibernate/StatelessSessionBuilder
instanceKlass org/hibernate/stat/Statistics
instanceKlass org/hibernate/engine/spi/SessionBuilderImplementor
instanceKlass org/hibernate/SessionBuilder
instanceKlass org/hibernate/Cache
instanceKlass org/hibernate/engine/transaction/spi/TransactionEnvironment
instanceKlass org/hibernate/TypeHelper
instanceKlass org/hibernate/service/spi/SessionFactoryServiceRegistry
instanceKlass org/hibernate/SessionFactory$SessionFactoryOptions
instanceKlass org/hibernate/internal/SessionFactoryImpl
instanceKlass org/hibernate/engine/spi/SessionFactoryImplementor
instanceKlass org/hibernate/cfg/BaselineSessionEventsListenerBuilder
instanceKlass org/hibernate/cache/spi/NaturalIdRegion
instanceKlass org/hibernate/cache/spi/CollectionRegion
instanceKlass org/hibernate/cache/spi/EntityRegion
instanceKlass org/hibernate/cache/spi/TransactionalDataRegion
instanceKlass org/hibernate/cache/spi/CacheDataDescription
instanceKlass org/hibernate/cache/spi/QueryResultsRegion
instanceKlass org/hibernate/cache/spi/TimestampsRegion
instanceKlass org/hibernate/cache/spi/GeneralDataRegion
instanceKlass org/hibernate/cache/spi/Region
instanceKlass org/hibernate/hql/spi/FilterTranslator
instanceKlass org/hibernate/hql/spi/QueryTranslator
instanceKlass org/hibernate/hql/internal/ast/ASTQueryTranslatorFactory
instanceKlass org/hibernate/hql/spi/QueryTranslatorFactory
instanceKlass org/hibernate/engine/transaction/spi/AbstractTransactionImpl
instanceKlass org/hibernate/engine/transaction/spi/TransactionCoordinator
instanceKlass org/hibernate/engine/transaction/spi/TransactionImplementor
instanceKlass org/hibernate/Transaction
instanceKlass org/hibernate/jdbc/WorkExecutorVisitable
instanceKlass org/hibernate/hql/spi/MultiTableBulkIdStrategy$DeleteHandler
instanceKlass org/hibernate/hql/spi/MultiTableBulkIdStrategy$UpdateHandler
instanceKlass javax/transaction/TransactionManager
instanceKlass javax/transaction/Transaction
instanceKlass javax/transaction/Synchronization
instanceKlass javax/transaction/UserTransaction
instanceKlass org/hibernate/engine/transaction/jta/platform/internal/NoJtaPlatform
instanceKlass org/hibernate/engine/transaction/jta/platform/spi/JtaPlatformProvider
instanceKlass org/hibernate/engine/transaction/jta/platform/internal/StandardJtaPlatformResolver
instanceKlass org/hibernate/cfg/Settings
instanceKlass org/hibernate/internal/util/collections/EmptyIterator
instanceKlass org/hibernate/internal/util/collections/JoinedIterator
instanceKlass org/hibernate/annotations/WhereJoinTable
instanceKlass org/hibernate/annotations/FilterJoinTables
instanceKlass org/hibernate/annotations/FilterJoinTable
instanceKlass org/hibernate/mapping/OneToMany
instanceKlass java/math/MutableBigInteger
instanceKlass java/util/TimSort
instanceKlass org/hibernate/mapping/Constraint$ColumnComparator
instanceKlass org/hibernate/mapping/Constraint
instanceKlass org/hibernate/mapping/Table$ForeignKeyKey
instanceKlass org/hibernate/mapping/Formula
instanceKlass org/hibernate/cfg/CopyIdentifierComponentSecondPass
instanceKlass org/hibernate/cfg/PkDrivenByDefaultMapsIdSecondPass
instanceKlass org/hibernate/cfg/CollectionSecondPass
instanceKlass org/hibernate/annotations/LazyCollection
instanceKlass javax/persistence/CollectionTable
instanceKlass javax/persistence/MapKeyJoinColumn
instanceKlass javax/persistence/MapKeyJoinColumns
instanceKlass javax/persistence/MapKeyColumn
instanceKlass org/hibernate/cfg/WrappedInferredData
instanceKlass org/hibernate/annotations/SortComparator
instanceKlass org/hibernate/annotations/SortNatural
instanceKlass org/hibernate/annotations/Sort
instanceKlass org/hibernate/annotations/OrderBy
instanceKlass javax/persistence/OrderBy
instanceKlass javax/persistence/MapKey
instanceKlass org/hibernate/annotations/CollectionType
instanceKlass org/hibernate/annotations/CollectionId
instanceKlass org/hibernate/cfg/annotations/CollectionBinder
instanceKlass org/hibernate/annotations/MapKeyType
instanceKlass org/hibernate/annotations/IndexColumn
instanceKlass javax/persistence/OrderColumn
instanceKlass sun/reflect/generics/reflectiveObjects/LazyReflectiveObjectGenerator
instanceKlass sun/reflect/generics/tree/TypeVariableSignature
instanceKlass sun/reflect/generics/reflectiveObjects/ParameterizedTypeImpl
instanceKlass java/lang/reflect/ParameterizedType
instanceKlass sun/reflect/generics/tree/MethodTypeSignature
instanceKlass sun/reflect/generics/tree/VoidDescriptor
instanceKlass org/hibernate/annotations/ForeignKey
instanceKlass org/hibernate/annotations/Fetch
instanceKlass org/hibernate/annotations/LazyToOne
instanceKlass org/hibernate/cfg/ToOneBinder
instanceKlass java/util/RegularEnumSet$EnumSetIterator
instanceKlass javax/persistence/JoinTable
instanceKlass org/hibernate/annotations/NotFound
instanceKlass javax/persistence/ForeignKey
instanceKlass org/hibernate/annotations/Cascade
instanceKlass org/hibernate/annotations/Tables
instanceKlass org/hibernate/annotations/Table
instanceKlass org/hibernate/cfg/SecondaryTableSecondPass
instanceKlass org/hibernate/cfg/CreateKeySecondPass
instanceKlass org/hibernate/annotations/Index
instanceKlass org/hibernate/annotations/OptimisticLock
instanceKlass org/hibernate/mapping/Collection
instanceKlass org/hibernate/annotations/NaturalId
instanceKlass org/hibernate/cfg/annotations/PropertyBinder$NoValueGeneration
instanceKlass org/hibernate/annotations/ValueGenerationType
instanceKlass org/hibernate/engine/spi/CascadeStyle
instanceKlass org/hibernate/cfg/SetSimpleValueTypeSecondPass
instanceKlass org/hibernate/cfg/Configuration$MappingsImpl$TableColumnNameBinding
instanceKlass javax/persistence/Enumerated
instanceKlass javax/persistence/Lob
instanceKlass javax/persistence/Temporal
instanceKlass org/hibernate/annotations/Type
instanceKlass org/hibernate/annotations/Nationalized
instanceKlass org/hibernate/cfg/annotations/SimpleValueBinder
instanceKlass javax/persistence/Basic
instanceKlass javax/persistence/Embedded
instanceKlass org/hibernate/annotations/common/util/ReflectHelper
instanceKlass org/hibernate/annotations/ManyToAny
instanceKlass javax/persistence/Version
instanceKlass org/hibernate/tuple/ValueGeneration
instanceKlass org/hibernate/cfg/annotations/PropertyBinder
instanceKlass org/hibernate/annotations/ColumnTransformers
instanceKlass org/hibernate/annotations/ColumnTransformer
instanceKlass org/hibernate/annotations/ColumnDefault
instanceKlass org/hibernate/annotations/Target
instanceKlass javax/persistence/ManyToMany
instanceKlass org/hibernate/annotations/Any
instanceKlass javax/persistence/ElementCollection
instanceKlass javax/persistence/OneToMany
instanceKlass org/hibernate/annotations/Columns
instanceKlass org/hibernate/annotations/Formula
instanceKlass javax/persistence/Column
instanceKlass org/hibernate/annotations/JoinFormula
instanceKlass org/hibernate/annotations/JoinColumnsOrFormulas
instanceKlass javax/persistence/JoinColumns
instanceKlass javax/persistence/JoinColumn
instanceKlass org/hibernate/cfg/ColumnsBuilder
instanceKlass org/hibernate/annotations/Parent
instanceKlass javax/persistence/IdClass
instanceKlass org/hibernate/cfg/InheritanceState$ElementsToProcess
instanceKlass javax/persistence/OneToOne
instanceKlass javax/persistence/ManyToOne
instanceKlass javax/persistence/MapsId
instanceKlass org/hibernate/cfg/PropertyInferredData
instanceKlass java/beans/FeatureDescriptor
instanceKlass java/util/EventListener
instanceKlass com/sun/beans/WeakCache
instanceKlass java/beans/Introspector
instanceKlass javax/persistence/Transient
instanceKlass org/hibernate/annotations/AccessType
instanceKlass org/hibernate/cfg/PropertyContainer
instanceKlass javax/persistence/GeneratedValue
instanceKlass javax/persistence/Id
instanceKlass javax/persistence/EmbeddedId
instanceKlass org/hibernate/annotations/common/reflection/java/generics/ApproximatingTypeEnvironment
instanceKlass org/hibernate/annotations/common/reflection/java/generics/TypeUtils
instanceKlass org/hibernate/annotations/common/reflection/ReflectionUtil
instanceKlass org/hibernate/annotations/common/reflection/XClass$1
instanceKlass javax/persistence/Access
instanceKlass org/hibernate/annotations/GenericGenerator
instanceKlass org/hibernate/annotations/OnDelete
instanceKlass javax/persistence/SecondaryTables
instanceKlass javax/persistence/SecondaryTable
instanceKlass javax/persistence/Converts
instanceKlass javax/persistence/Convert
instanceKlass javax/persistence/AssociationOverrides
instanceKlass javax/persistence/AssociationOverride
instanceKlass javax/persistence/AttributeOverrides
instanceKlass javax/persistence/AttributeOverride
instanceKlass org/hibernate/cfg/AbstractPropertyHolder
instanceKlass org/hibernate/cfg/PropertyHolder
instanceKlass org/hibernate/cfg/PropertyHolderBuilder
instanceKlass org/hibernate/annotations/RowId
instanceKlass org/hibernate/cfg/Configuration$MappingsImpl$TableDescription
instanceKlass org/hibernate/cfg/annotations/EntityBinder$EntityTableNamingStrategyHelper
instanceKlass org/hibernate/cfg/annotations/EntityBinder$EntityTableObjectNameSource
instanceKlass org/hibernate/annotations/Check
instanceKlass javax/persistence/NamedEntityGraphs
instanceKlass javax/persistence/NamedEntityGraph
instanceKlass org/hibernate/annotations/Tuplizer
instanceKlass org/hibernate/annotations/Tuplizers
instanceKlass org/hibernate/annotations/Subselect
instanceKlass org/hibernate/annotations/Synchronize
instanceKlass org/hibernate/annotations/Loader
instanceKlass org/hibernate/annotations/SQLDeleteAll
instanceKlass org/hibernate/annotations/SQLDelete
instanceKlass org/hibernate/annotations/SQLUpdate
instanceKlass org/hibernate/annotations/SQLInsert
instanceKlass org/hibernate/annotations/Persister
instanceKlass org/hibernate/cfg/annotations/EntityBinder$1
instanceKlass org/hibernate/annotations/Immutable
instanceKlass javax/persistence/Embeddable
instanceKlass org/hibernate/annotations/Filter
instanceKlass org/hibernate/annotations/Filters
instanceKlass org/hibernate/annotations/NaturalIdCache
instanceKlass org/hibernate/cfg/AnnotationBinder$1
instanceKlass javax/persistence/Cacheable
instanceKlass org/hibernate/annotations/Where
instanceKlass org/hibernate/annotations/BatchSize
instanceKlass org/hibernate/annotations/Proxy
instanceKlass org/hibernate/annotations/DiscriminatorOptions
instanceKlass javax/persistence/DiscriminatorValue
instanceKlass org/hibernate/mapping/Column
instanceKlass org/hibernate/mapping/Selectable
instanceKlass org/hibernate/annotations/DiscriminatorFormula
instanceKlass javax/persistence/DiscriminatorColumn
instanceKlass javax/persistence/PrimaryKeyJoinColumn
instanceKlass javax/persistence/PrimaryKeyJoinColumns
instanceKlass org/hibernate/cfg/annotations/TableBinder
instanceKlass org/hibernate/annotations/AnyMetaDefs
instanceKlass org/hibernate/annotations/AnyMetaDef
instanceKlass org/hibernate/annotations/FetchProfiles
instanceKlass org/hibernate/annotations/FetchProfile
instanceKlass org/hibernate/annotations/TypeDefs
instanceKlass org/hibernate/annotations/TypeDef
instanceKlass org/hibernate/annotations/FilterDefs
instanceKlass org/hibernate/annotations/FilterDef
instanceKlass org/hibernate/annotations/NamedNativeQueries
instanceKlass javax/persistence/NamedNativeQueries
instanceKlass org/hibernate/annotations/NamedNativeQuery
instanceKlass org/hibernate/annotations/NamedQueries
instanceKlass javax/persistence/NamedQueries
instanceKlass org/hibernate/annotations/NamedQuery
instanceKlass javax/persistence/SqlResultSetMappings
instanceKlass org/hibernate/engine/query/spi/sql/NativeSQLQueryReturn
instanceKlass org/hibernate/cfg/annotations/ResultsetMappingSecondPass
instanceKlass org/hibernate/cfg/QuerySecondPass
instanceKlass org/hibernate/cfg/annotations/QueryBinder
instanceKlass org/hibernate/annotations/Polymorphism
instanceKlass org/hibernate/annotations/OptimisticLocking
instanceKlass org/hibernate/annotations/SelectBeforeUpdate
instanceKlass org/hibernate/annotations/DynamicUpdate
instanceKlass org/hibernate/annotations/DynamicInsert
instanceKlass org/hibernate/mapping/Property
instanceKlass org/hibernate/cfg/BinderHelper
instanceKlass org/hibernate/cfg/annotations/EntityBinder$SecondaryTableNamingStrategyHelper
instanceKlass org/hibernate/cfg/ObjectNameSource
instanceKlass org/hibernate/cfg/ObjectNameNormalizer$NamingStrategyHelper
instanceKlass org/hibernate/cfg/annotations/EntityBinder
instanceKlass org/hibernate/annotations/Entity
instanceKlass org/hibernate/sql/Alias
instanceKlass javax/persistence/MappedSuperclass
instanceKlass javax/persistence/Inheritance
instanceKlass org/hibernate/cfg/InheritanceState
instanceKlass org/hibernate/annotations/common/reflection/java/generics/CompoundTypeEnvironment
instanceKlass java/lang/reflect/TypeVariable
instanceKlass sun/reflect/generics/tree/ClassSignature
instanceKlass sun/reflect/generics/tree/Signature
instanceKlass sun/reflect/generics/tree/FormalTypeParameter
instanceKlass javax/persistence/UniqueConstraint
instanceKlass javax/persistence/Index
instanceKlass javax/persistence/Table
instanceKlass java/lang/reflect/WeakCache$Value
instanceKlass sun/misc/ProxyGenerator$ExceptionTableEntry
instanceKlass sun/misc/ProxyGenerator$PrimitiveTypeInfo
instanceKlass sun/misc/ProxyGenerator$FieldInfo
instanceKlass java/io/DataOutput
instanceKlass sun/misc/ProxyGenerator$ConstantPool$Entry
instanceKlass sun/misc/ProxyGenerator$MethodInfo
instanceKlass sun/misc/ProxyGenerator$ProxyMethod
instanceKlass sun/misc/ProxyGenerator$ConstantPool
instanceKlass sun/misc/ProxyGenerator
instanceKlass java/lang/reflect/WeakCache$Factory
instanceKlass java/util/function/Supplier
instanceKlass java/lang/reflect/Proxy$ProxyClassFactory
instanceKlass java/lang/reflect/Proxy$KeyFactory
instanceKlass java/util/function/BiFunction
instanceKlass java/lang/reflect/WeakCache
instanceKlass java/lang/reflect/Proxy
instanceKlass sun/reflect/annotation/AnnotationInvocationHandler
instanceKlass sun/reflect/annotation/AnnotationParser$1
instanceKlass java/lang/Class$4
instanceKlass java/lang/annotation/Target
instanceKlass java/lang/annotation/Documented
instanceKlass java/lang/annotation/Inherited
instanceKlass java/lang/annotation/Retention
instanceKlass sun/reflect/annotation/ExceptionProxy
instanceKlass sun/reflect/annotation/AnnotationType$1
instanceKlass java/lang/reflect/GenericArrayType
instanceKlass sun/reflect/generics/visitor/Reifier
instanceKlass sun/reflect/generics/visitor/TypeTreeVisitor
instanceKlass sun/reflect/generics/factory/CoreReflectionFactory
instanceKlass sun/reflect/generics/factory/GenericsFactory
instanceKlass sun/reflect/generics/scope/AbstractScope
instanceKlass sun/reflect/generics/scope/Scope
instanceKlass sun/reflect/generics/tree/ClassTypeSignature
instanceKlass sun/reflect/generics/tree/SimpleClassTypeSignature
instanceKlass sun/reflect/generics/tree/FieldTypeSignature
instanceKlass sun/reflect/generics/tree/BaseType
instanceKlass sun/reflect/generics/tree/TypeSignature
instanceKlass sun/reflect/generics/tree/ReturnType
instanceKlass sun/reflect/generics/tree/TypeArgument
instanceKlass sun/reflect/generics/tree/TypeTree
instanceKlass sun/reflect/generics/tree/Tree
instanceKlass sun/reflect/generics/parser/SignatureParser
instanceKlass org/hibernate/annotations/common/reflection/java/JavaAnnotationReader
instanceKlass javax/persistence/Entity
instanceKlass javax/persistence/NamedStoredProcedureQueries
instanceKlass javax/persistence/NamedStoredProcedureQuery
instanceKlass javax/persistence/SqlResultSetMapping
instanceKlass javax/persistence/NamedNativeQuery
instanceKlass javax/persistence/NamedQuery
instanceKlass javax/persistence/TableGenerator
instanceKlass javax/persistence/SequenceGenerator
instanceKlass org/hibernate/cfg/FkSecondPass
instanceKlass org/hibernate/mapping/Fetchable
instanceKlass org/hibernate/annotations/Cache
instanceKlass org/hibernate/mapping/TableOwner
instanceKlass org/hibernate/cfg/Ejb3Column
instanceKlass org/hibernate/cfg/PropertyData
instanceKlass org/hibernate/cfg/SecondPass
instanceKlass org/hibernate/mapping/SimpleValue
instanceKlass org/hibernate/mapping/KeyValue
instanceKlass org/hibernate/mapping/Value
instanceKlass org/hibernate/cfg/AnnotationBinder
instanceKlass org/hibernate/mapping/Table
instanceKlass org/hibernate/mapping/RelationalModel
instanceKlass org/hibernate/cfg/Configuration$MappingsImpl
instanceKlass org/hibernate/cfg/ExtendedMappings
instanceKlass javax/persistence/EntityListeners
instanceKlass org/hibernate/cfg/annotations/reflection/XMLContext$Default
instanceKlass org/hibernate/metamodel/spi/TypeContributor
instanceKlass org/hibernate/engine/jdbc/spi/SqlExceptionHelper$WarningHandlerLoggingSupport
instanceKlass org/hibernate/exception/internal/SQLStateConverter$1
instanceKlass org/hibernate/engine/jdbc/spi/SqlExceptionHelper$1
instanceKlass org/hibernate/engine/jdbc/spi/SqlExceptionHelper$WarningHandler
instanceKlass org/hibernate/exception/spi/AbstractSQLExceptionConversionDelegate
instanceKlass org/hibernate/dialect/MySQLDialect$1
instanceKlass org/hibernate/exception/internal/StandardSQLExceptionConverter
instanceKlass org/hibernate/engine/jdbc/internal/JdbcServicesImpl$ExtractedDatabaseMetaDataImpl
instanceKlass org/hibernate/engine/jdbc/AbstractLobCreator
instanceKlass org/hibernate/engine/jdbc/internal/LobCreatorBuilder
instanceKlass org/hibernate/engine/jdbc/spi/SchemaNameResolver
instanceKlass org/hibernate/dialect/function/NoArgSQLFunction
instanceKlass org/hibernate/dialect/unique/DefaultUniqueDelegate
instanceKlass org/hibernate/dialect/function/CastFunction
instanceKlass org/hibernate/dialect/function/TemplateRenderer
instanceKlass org/hibernate/dialect/function/SQLFunctionTemplate
instanceKlass org/hibernate/type/StandardBasicTypes
instanceKlass org/hibernate/dialect/function/StandardSQLFunction
instanceKlass org/hibernate/dialect/function/StandardAnsiSqlAggregationFunctions
instanceKlass org/hibernate/dialect/TypeNames
instanceKlass org/hibernate/dialect/Dialect$4
instanceKlass org/hibernate/dialect/Dialect$3
instanceKlass org/hibernate/dialect/Dialect$2
instanceKlass org/hibernate/dialect/Dialect$1
instanceKlass org/hibernate/procedure/spi/CallableStatementSupport
instanceKlass org/hibernate/sql/CaseFragment
instanceKlass org/hibernate/dialect/pagination/LimitHandler
instanceKlass org/hibernate/sql/JoinFragment
instanceKlass org/hibernate/dialect/lock/LockingStrategy
instanceKlass org/hibernate/exception/spi/ViolatedConstraintNameExtracter
instanceKlass org/hibernate/dialect/LobMergeStrategy
instanceKlass org/hibernate/dialect/unique/UniqueDelegate
instanceKlass org/hibernate/dialect/function/SQLFunction
instanceKlass org/hibernate/annotations/common/util/StringHelper
instanceKlass sun/nio/ch/Interruptible
instanceKlass org/hibernate/engine/jdbc/internal/JdbcServicesImpl$1
instanceKlass org/hibernate/internal/util/collections/ArrayHelper
instanceKlass org/hibernate/engine/jdbc/spi/TypeInfo
instanceKlass org/hibernate/engine/jdbc/cursor/internal/StandardRefCursorSupport
instanceKlass org/hibernate/engine/jdbc/dialect/spi/DialectResolutionInfo
instanceKlass org/hibernate/engine/jdbc/dialect/internal/StandardDialectResolver
instanceKlass org/hibernate/internal/util/StringHelper
instanceKlass java/util/concurrent/locks/LockSupport
instanceKlass org/hibernate/engine/jdbc/dialect/internal/DialectResolverSet
instanceKlass org/hibernate/engine/jdbc/dialect/internal/DialectFactoryImpl
instanceKlass org/hibernate/engine/jdbc/internal/JdbcServicesImpl$ConnectionProviderJdbcConnectionAccess
instanceKlass org/hibernate/service/spi/Startable
instanceKlass java/util/concurrent/Executors$RunnableAdapter
instanceKlass java/util/concurrent/FutureTask$WaitNode
instanceKlass java/util/concurrent/Callable
instanceKlass java/util/concurrent/FutureTask
instanceKlass org/hibernate/engine/jdbc/connections/internal/DriverManagerConnectionProviderImpl$1
instanceKlass java/util/concurrent/Executors$DefaultThreadFactory
instanceKlass java/util/concurrent/ThreadFactory
instanceKlass java/util/concurrent/locks/AbstractQueuedSynchronizer$ConditionObject
instanceKlass java/util/concurrent/locks/Condition
instanceKlass java/util/concurrent/RunnableScheduledFuture
instanceKlass java/util/concurrent/ScheduledFuture
instanceKlass java/util/concurrent/Delayed
instanceKlass java/util/concurrent/RunnableFuture
instanceKlass java/util/concurrent/Future
instanceKlass java/util/concurrent/BlockingQueue
instanceKlass java/util/concurrent/ThreadPoolExecutor$AbortPolicy
instanceKlass java/util/concurrent/RejectedExecutionHandler
instanceKlass java/util/concurrent/AbstractExecutorService
instanceKlass java/util/concurrent/ScheduledExecutorService
instanceKlass java/util/concurrent/ExecutorService
instanceKlass java/util/concurrent/Executor
instanceKlass java/util/concurrent/Executors
instanceKlass java/util/NavigableSet
instanceKlass java/util/SortedSet
instanceKlass com/mysql/jdbc/DatabaseMetaData$IteratorWithCleanup
instanceKlass com/mysql/jdbc/DatabaseMetaData
instanceKlass com/mysql/jdbc/LicenseConfiguration
instanceKlass java/util/TreeMap$PrivateEntryIterator
instanceKlass java/util/Collections$UnmodifiableMap$UnmodifiableEntrySet$UnmodifiableEntry
instanceKlass java/util/Collections$UnmodifiableMap$UnmodifiableEntrySet$1
instanceKlass com/mysql/jdbc/EscapeProcessor
instanceKlass com/mysql/jdbc/SingleByteCharsetConverter
instanceKlass java/sql/ResultSetMetaData
instanceKlass com/mysql/jdbc/RowDataStatic
instanceKlass com/mysql/jdbc/Constants
instanceKlass com/mysql/jdbc/MysqlDefs
instanceKlass com/mysql/jdbc/Field
instanceKlass sun/security/provider/ByteArrayAccess
instanceKlass sun/security/jca/GetInstance$Instance
instanceKlass java/security/Provider$UString
instanceKlass java/security/Provider$Service
instanceKlass sun/security/provider/NativePRNG$NonBlocking
instanceKlass sun/security/provider/NativePRNG$Blocking
instanceKlass sun/security/provider/NativePRNG
instanceKlass sun/security/provider/SunEntries$1
instanceKlass sun/security/provider/SunEntries
instanceKlass sun/security/jca/ProviderConfig$2
instanceKlass sun/security/jca/ProviderList$2
instanceKlass java/security/Provider$EngineDescription
instanceKlass java/security/Provider$ServiceKey
instanceKlass sun/security/jca/ProviderConfig
instanceKlass sun/security/jca/ProviderList
instanceKlass sun/security/jca/Providers
instanceKlass sun/security/jca/GetInstance
instanceKlass java/security/MessageDigestSpi
instanceKlass com/mysql/jdbc/Security
instanceKlass java/net/Socket$3
instanceKlass java/net/Socket$2
instanceKlass sun/net/NetHooks
instanceKlass java/net/Proxy
instanceKlass sun/net/spi/DefaultProxySelector$3
instanceKlass sun/net/spi/DefaultProxySelector$NonProxyInfo
instanceKlass java/net/URI$Parser
instanceKlass java/net/URI
instanceKlass sun/net/NetProperties$1
instanceKlass sun/net/NetProperties
instanceKlass sun/net/spi/DefaultProxySelector$1
instanceKlass java/net/ProxySelector
instanceKlass java/net/SocksSocketImpl$3
instanceKlass sun/misc/FloatingDecimal$ASCIIToBinaryBuffer
instanceKlass java/net/PlainSocketImpl$1
instanceKlass java/net/AbstractPlainSocketImpl$1
instanceKlass java/net/SocketImpl
instanceKlass java/net/SocketOptions
instanceKlass java/net/SocksConsts
instanceKlass java/net/InetSocketAddress$InetSocketAddressHolder
instanceKlass java/net/Inet6Address$Inet6AddressHolder
instanceKlass java/net/InetAddress$CacheEntry
instanceKlass java/util/LinkedList$ListItr
instanceKlass sun/net/InetAddressCachePolicy$2
instanceKlass java/security/Security$1
instanceKlass java/security/Security
instanceKlass sun/net/InetAddressCachePolicy$1
instanceKlass sun/net/InetAddressCachePolicy
instanceKlass java/net/Inet4AddressImpl
instanceKlass java/net/InetAddress$2
instanceKlass sun/net/spi/nameservice/NameService
instanceKlass java/net/Inet6AddressImpl
instanceKlass java/net/InetAddressImpl
instanceKlass java/net/InetAddressImplFactory
instanceKlass java/net/InetAddress$Cache
instanceKlass java/net/InetAddress$InetAddressHolder
instanceKlass java/net/InetAddress$1
instanceKlass com/mysql/jdbc/RowData
instanceKlass com/mysql/jdbc/Buffer
instanceKlass com/mysql/jdbc/MysqlIO
instanceKlass com/mysql/jdbc/log/LogFactory
instanceKlass com/mysql/jdbc/VersionedStringProperty
instanceKlass com/mysql/jdbc/CharsetMapping
instanceKlass java/net/SocketImplFactory
instanceKlass java/net/InetAddress
instanceKlass java/nio/channels/spi/AbstractInterruptibleChannel
instanceKlass java/nio/channels/InterruptibleChannel
instanceKlass java/nio/channels/NetworkChannel
instanceKlass java/nio/channels/GatheringByteChannel
instanceKlass java/nio/channels/ScatteringByteChannel
instanceKlass java/nio/channels/ByteChannel
instanceKlass java/nio/channels/WritableByteChannel
instanceKlass java/nio/channels/ReadableByteChannel
instanceKlass java/net/SocketAddress
instanceKlass java/net/Socket
instanceKlass com/mysql/jdbc/StandardSocketFactory
instanceKlass com/mysql/jdbc/SocketFactory
instanceKlass java/util/Timer$1
instanceKlass java/util/TimerTask
instanceKlass java/util/TaskQueue
instanceKlass java/util/Timer
instanceKlass com/mysql/jdbc/log/NullLogger
instanceKlass javax/naming/RefAddr
instanceKlass com/mysql/jdbc/ConnectionProperties$ConnectionProperty
instanceKlass com/mysql/jdbc/log/StandardLogger
